The target system is: Generic -  - ARM
The host system is: Windows - 10.0.19045 - AMD64
Checking whether the ASM compiler is GNU using "--version" matched "(GNU assembler)|(GCC)|(Free Software Foundation)":
arm-none-eabi-gcc.exe (GNU Arm Embedded Toolchain 9-2020-q2-update) 9.3.1 20200408 (release)
Copyright (C) 2019 Free Software Foundation, Inc.
This is free software; see the source for copying conditions.  There is NO
warranty; not even for MERCHANTABILITY or FITNESS FOR A PARTICULAR PURPOSE.

Compiling the C compiler identification source file "CMakeCCompilerId.c" succeeded.
Compiler: D:/tools/gcc-arm-none-eabi-9-2020-q2-update-win32/bin/arm-none-eabi-gcc.exe 
Build flags: 
Id flags: -c 

The output was:
0


Compilation of the C compiler identification source "CMakeCCompilerId.c" produced "CMakeCCompilerId.o"

The C compiler identification is GNU, found in "D:/stm32f103_vscode/stm32f103v_fw/build/CMakeFiles/3.24.0-rc2/CompilerIdC/CMakeCCompilerId.o"

Compiling the CXX compiler identification source file "CMakeCXXCompilerId.cpp" succeeded.
Compiler: D:/tools/gcc-arm-none-eabi-9-2020-q2-update-win32/bin/arm-none-eabi-g++.exe 
Build flags: 
Id flags: -c 

The output was:
0


Compilation of the CXX compiler identification source "CMakeCXXCompilerId.cpp" produced "CMakeCXXCompilerId.o"

The CXX compiler identification is GNU, found in "D:/stm32f103_vscode/stm32f103v_fw/build/CMakeFiles/3.24.0-rc2/CompilerIdCXX/CMakeCXXCompilerId.o"

The target system is: Generic -  - ARM
The host system is: Windows - 10.0.19045 - AMD64
The target system is: Generic -  - ARM
The host system is: Windows - 10.0.19045 - AMD64
Checking whether the ASM compiler is GNU using "--version" matched "(GNU assembler)|(GCC)|(Free Software Foundation)":
arm-none-eabi-gcc.exe (GNU Arm Embedded Toolchain 9-2020-q2-update) 9.3.1 20200408 (release)
Copyright (C) 2019 Free Software Foundation, Inc.
This is free software; see the source for copying conditions.  There is NO
warranty; not even for MERCHANTABILITY or FITNESS FOR A PARTICULAR PURPOSE.

Compiling the C compiler identification source file "CMakeCCompilerId.c" succeeded.
Compiler: D:/tools/gcc-arm-none-eabi-9-2020-q2-update-win32/bin/arm-none-eabi-gcc.exe 
Build flags: 
Id flags: -c 

The output was:
0


Compilation of the C compiler identification source "CMakeCCompilerId.c" produced "CMakeCCompilerId.o"

The C compiler identification is GNU, found in "D:/stm32f103_vscode/stm32f103v_fw/build/CMakeFiles/3.24.0-rc2/CompilerIdC/CMakeCCompilerId.o"

Compiling the CXX compiler identification source file "CMakeCXXCompilerId.cpp" succeeded.
Compiler: D:/tools/gcc-arm-none-eabi-9-2020-q2-update-win32/bin/arm-none-eabi-g++.exe 
Build flags: 
Id flags: -c 

The output was:
0


Compilation of the CXX compiler identification source "CMakeCXXCompilerId.cpp" produced "CMakeCXXCompilerId.o"

The CXX compiler identification is GNU, found in "D:/stm32f103_vscode/stm32f103v_fw/build/CMakeFiles/3.24.0-rc2/CompilerIdCXX/CMakeCXXCompilerId.o"

The target system is: Generic -  - ARM
The host system is: Windows - 10.0.19045 - AMD64
